<?xml version="1.0" encoding="UTF-8"?>
<!-- Generated by org.testng.reporters.JUnitReportReporter -->
<testsuite hostname="KBP1-LHP-A05511" failures="0" tests="1" name="MainTest" time="2.431" errors="0" timestamp="2021-10-28T12:37:47 EEST" skipped="0">
  <testcase classname="MainTest" name="postTest" time="2.431"/>
  <system-out/>
</testsuite> <!-- MainTest -->
